[0825/235011.825:ERROR:process_reader_win.cc(123)] NtOpenThread: {Access Denied} A process has requested access to an object, but has not been granted those access rights. (0xc0000022)
[0825/235011.825:ERROR:exception_snapshot_win.cc(98)] thread ID 28076 not found in process
[0825/235011.870:ERROR:process_reader_win.cc(123)] NtOpenThread: {Access Denied} A process has requested access to an object, but has not been granted those access rights. (0xc0000022)
[0825/235011.871:ERROR:exception_snapshot_win.cc(98)] thread ID 29032 not found in process
[0825/235011.884:ERROR:process_reader_win.cc(123)] NtOpenThread: {Access Denied} A process has requested access to an object, but has not been granted those access rights. (0xc0000022)
[0825/235011.886:ERROR:exception_snapshot_win.cc(98)] thread ID 23400 not found in process
[0825/235011.886:ERROR:process_reader_win.cc(123)] NtOpenThread: {Access Denied} A process has requested access to an object, but has not been granted those access rights. (0xc0000022)
[0825/235011.887:ERROR:exception_snapshot_win.cc(98)] thread ID 30252 not found in process
[0825/235011.888:ERROR:process_reader_win.cc(123)] NtOpenThread: {Access Denied} A process has requested access to an object, but has not been granted those access rights. (0xc0000022)
[0825/235011.889:ERROR:exception_snapshot_win.cc(98)] thread ID 28124 not found in process
[0828/000349.691:ERROR:process_reader_win.cc(123)] NtOpenThread: {Access Denied} A process has requested access to an object, but has not been granted those access rights. (0xc0000022)
[0828/000349.692:ERROR:exception_snapshot_win.cc(98)] thread ID 24164 not found in process
[0828/000530.706:ERROR:process_reader_win.cc(123)] NtOpenThread: {Access Denied} A process has requested access to an object, but has not been granted those access rights. (0xc0000022)
[0828/000530.706:ERROR:exception_snapshot_win.cc(98)] thread ID 26764 not found in process
[0828/000643.207:ERROR:process_reader_win.cc(123)] NtOpenThread: {Access Denied} A process has requested access to an object, but has not been granted those access rights. (0xc0000022)
[0828/000643.208:ERROR:exception_snapshot_win.cc(98)] thread ID 18840 not found in process
[0828/000725.267:ERROR:process_reader_win.cc(123)] NtOpenThread: {Access Denied} A process has requested access to an object, but has not been granted those access rights. (0xc0000022)
[0828/000725.268:ERROR:exception_snapshot_win.cc(98)] thread ID 11392 not found in process
[0828/001142.047:ERROR:process_reader_win.cc(123)] NtOpenThread: {Access Denied} A process has requested access to an object, but has not been granted those access rights. (0xc0000022)
[0828/001142.048:ERROR:exception_snapshot_win.cc(98)] thread ID 12776 not found in process
[0828/002520.879:ERROR:process_reader_win.cc(123)] NtOpenThread: {Access Denied} A process has requested access to an object, but has not been granted those access rights. (0xc0000022)
[0828/002520.880:ERROR:exception_snapshot_win.cc(98)] thread ID 17696 not found in process
[0828/003230.088:ERROR:process_reader_win.cc(123)] NtOpenThread: {Access Denied} A process has requested access to an object, but has not been granted those access rights. (0xc0000022)
[0828/003230.089:ERROR:exception_snapshot_win.cc(98)] thread ID 23620 not found in process
[0828/003612.702:ERROR:process_reader_win.cc(123)] NtOpenThread: {Access Denied} A process has requested access to an object, but has not been granted those access rights. (0xc0000022)
[0828/003612.703:ERROR:exception_snapshot_win.cc(98)] thread ID 29360 not found in process
[0828/004524.705:ERROR:process_reader_win.cc(123)] NtOpenThread: {Access Denied} A process has requested access to an object, but has not been granted those access rights. (0xc0000022)
[0828/004524.705:ERROR:exception_snapshot_win.cc(98)] thread ID 11864 not found in process
[0828/010509.278:ERROR:filesystem_win.cc(148)] DeleteFile C:\Users\Gavin\AppData\Local\Temp\scoped_dir18604_1726696784\Crashpad\reports\6419dd81-85a9-4bf0-9f50-2ce5626678af.dmp: The process cannot access the file because it is being used by another process. (0x20)
[0828/010514.541:ERROR:registration_protocol_win.cc(84)] TransactNamedPipe: The pipe has been ended. (0x6D)
[0828/010514.733:ERROR:crashpad_client_win.cc(131)] crash server failed to launch, self-terminating
[0828/010548.877:ERROR:file_io.cc(134)] WriteFile: There is not enough space on the disk. (0x70)
[0828/010548.877:ERROR:crash_report_exception_handler.cc(111)] WriteEverything failed
[0828/010548.878:ERROR:filesystem_win.cc(148)] DeleteFile C:\Users\Gavin\AppData\Local\Temp\scoped_dir17292_780495673\Crashpad\reports\f41750ab-1202-476b-8b44-c9e5808bf725.dmp: The process cannot access the file because it is being used by another process. (0x20)
[0828/193527.678:ERROR:process_reader_win.cc(123)] NtOpenThread: {Access Denied} A process has requested access to an object, but has not been granted those access rights. (0xc0000022)
[0828/193527.678:ERROR:exception_snapshot_win.cc(98)] thread ID 15652 not found in process
[0922/232409.976:ERROR:process_reader_win.cc(123)] NtOpenThread: {Access Denied} A process has requested access to an object, but has not been granted those access rights. (0xc0000022)
[0922/232409.977:ERROR:exception_snapshot_win.cc(98)] thread ID 1820 not found in process
